\BOOKMARK [1][-]{section.1}{\376\377\000Ε\000ι\000σ\000α\000γ\000ω\000γ\000ή}{}
\BOOKMARK [1][-]{section.2}{\376\377\000O\000p\000e\000n\000R\000I\000S\000C\000\040\0001\0002\0000\0000\000\040\000I\000P\000\040\000C\000o\000r\000e}{}
\BOOKMARK [2][-]{subsection.2.1}{\376\377\000Ε\000ι\000σ\000α\000γ\000ω\000γ\000ή}{section.2}
\BOOKMARK [3][-]{subsubsection.2.1.1}{\376\377\000O\000p\000e\000n\000R\000I\000S\000C\000\040\000Ο\000ι\000κ\000ο\000γ\000έ\000ν\000ε\000ι\000α}{subsection.2.1}
\BOOKMARK [3][-]{subsubsection.2.1.2}{\376\377\000O\000p\000e\000n\000R\000I\000S\000C\000\040\0001\0002\0000\0000}{subsection.2.1}
\BOOKMARK [2][-]{subsection.2.2}{\376\377\000Α\000ρ\000χ\000ι\000τ\000ε\000κ\000τ\000ο\000ν\000ι\000κ\000ή}{section.2}
\BOOKMARK [3][-]{subsubsection.2.2.1}{\376\377\000C\000P\000U\000/\000D\000S\000P}{subsection.2.2}
\BOOKMARK [3][-]{subsubsection.2.2.2}{\376\377\000Κ\000ρ\000υ\000φ\000ή\000\040\000Μ\000ν\000ή\000μ\000η\000\040\000Δ\000ε\000δ\000ο\000μ\000έ\000ν\000ω\000ν}{subsection.2.2}
\BOOKMARK [3][-]{subsubsection.2.2.3}{\376\377\000Κ\000ρ\000υ\000φ\000ή\000\040\000Μ\000ν\000ή\000μ\000η\000\040\000Ε\000ν\000τ\000ο\000λ\000ώ\000ν}{subsection.2.2}
\BOOKMARK [3][-]{subsubsection.2.2.4}{\376\377\000Δ\000ι\000α\000χ\000ε\000ί\000ρ\000ι\000σ\000η\000\040\000Μ\000ν\000ή\000μ\000η\000ς\000\040\000\050\000M\000M\000U\000\051\000\040\000Δ\000ε\000δ\000ο\000μ\000έ\000ν\000ω\000ν}{subsection.2.2}
\BOOKMARK [3][-]{subsubsection.2.2.5}{\376\377\000Δ\000ι\000α\000χ\000ε\000ί\000ρ\000ι\000σ\000η\000\040\000Μ\000ν\000ή\000μ\000η\000ς\000\040\000\050\000M\000M\000U\000\051\000\040\000Ε\000ν\000τ\000ο\000λ\000ώ\000ν}{subsection.2.2}
\BOOKMARK [3][-]{subsubsection.2.2.6}{\376\377\000Π\000ρ\000ο\000γ\000ρ\000α\000μ\000μ\000α\000τ\000ι\000ζ\000ό\000μ\000ε\000ν\000ο\000ς\000\040\000Ε\000λ\000ε\000γ\000κ\000τ\000ή\000ς\000\040\000Δ\000ι\000α\000κ\000ο\000π\000ώ\000ν}{subsection.2.2}
\BOOKMARK [3][-]{subsubsection.2.2.7}{\376\377\000T\000i\000c\000k\000\040\000T\000i\000m\000e\000r}{subsection.2.2}
\BOOKMARK [3][-]{subsubsection.2.2.8}{\376\377\000Δ\000ι\000α\000χ\000ε\000ί\000ρ\000ι\000σ\000η\000\040\000Ε\000ν\000ε\000ρ\000γ\000ε\000ι\000α\000κ\000ώ\000ν\000\040\000Α\000π\000α\000ι\000τ\000ή\000σ\000ε\000ω\000ν}{subsection.2.2}
\BOOKMARK [3][-]{subsubsection.2.2.9}{\376\377\000Μ\000ο\000ν\000ά\000δ\000α\000\040\000Α\000π\000ο\000σ\000φ\000α\000λ\000μ\000ά\000τ\000ω\000σ\000η\000ς}{subsection.2.2}
\BOOKMARK [3][-]{subsubsection.2.2.10}{\376\377\000Σ\000ή\000μ\000α\000τ\000α\000\040\000Χ\000ρ\000ο\000ν\000ι\000σ\000μ\000ο\000ύ\000\040\000κ\000α\000ι\000\040\000Ε\000π\000α\000ν\000ε\000κ\000κ\000ί\000ν\000η\000σ\000η\000ς}{subsection.2.2}
\BOOKMARK [3][-]{subsubsection.2.2.11}{\376\377\000Δ\000ί\000α\000υ\000λ\000ο\000ς\000\040\000ε\000π\000ι\000κ\000ο\000ι\000ν\000ω\000ν\000ί\000α\000ς\000\040\000W\000i\000s\000h\000b\000o\000n\000e}{subsection.2.2}
\BOOKMARK [1][-]{section.3}{\376\377\000O\000R\0001\0002\0000\0000\000\040\000S\000i\000m\000u\000l\000a\000t\000i\000o\000n}{}
\BOOKMARK [2][-]{subsection.3.1}{\376\377\000S\000i\000m\000u\000l\000a\000t\000i\000o\000n\000\040\000E\000n\000v\000i\000r\000o\000m\000e\000n\000t}{section.3}
\BOOKMARK [2][-]{subsection.3.2}{\376\377\000P\000a\000c\000k\000a\000g\000e\000\040\000S\000t\000r\000u\000c\000t\000u\000r\000e}{section.3}
\BOOKMARK [2][-]{subsection.3.3}{\376\377\000S\000i\000m\000u\000l\000a\000t\000i\000o\000n\000\040\000c\000o\000m\000m\000a\000n\000d\000s}{section.3}
\BOOKMARK [3][-]{subsubsection.3.3.1}{\376\377\000\040\000Η\000\040\000β\000α\000σ\000ι\000κ\000ή\000\040\000δ\000ι\000α\000δ\000ι\000κ\000α\000σ\000ί\000α}{subsection.3.3}
\BOOKMARK [3][-]{subsubsection.3.3.2}{\376\377\000\040\000Ε\000κ\000τ\000έ\000λ\000ε\000σ\000η\000\040\000ε\000ν\000ο\000ς\000\040\000σ\000υ\000γ\000κ\000ε\000κ\000ρ\000ι\000μ\000έ\000ν\000ο\000υ\000\040\000t\000e\000s\000t}{subsection.3.3}
\BOOKMARK [3][-]{subsubsection.3.3.3}{\376\377\000Ε\000κ\000τ\000έ\000λ\000ε\000σ\000η\000\040\000σ\000υ\000γ\000κ\000ε\000κ\000ρ\000ι\000μ\000έ\000ν\000ω\000ν\000\040\000t\000e\000s\000t\000s\000\040\000μ\000α\000ζ\000ί}{subsection.3.3}
\BOOKMARK [3][-]{subsubsection.3.3.4}{\376\377\000\040\000Π\000α\000ρ\000έ\000χ\000ο\000ν\000τ\000α\000ς\000\040\000μ\000ι\000α\000\040\000π\000ρ\000ο\000σ\000α\000ρ\000μ\000ο\000σ\000μ\000έ\000ν\000η\000\040\000V\000M\000E\000M\000\040\000ε\000ι\000κ\000ό\000ν\000α\000\040\000\050\000i\000m\000a\000g\000e\000\051}{subsection.3.3}
\BOOKMARK [3][-]{subsubsection.3.3.5}{\376\377\000\040\000Π\000α\000ρ\000έ\000χ\000ο\000ν\000τ\000α\000ς\000\040\000έ\000ν\000α\000\040\000"\000p\000r\000e\000c\000o\000m\000p\000i\000l\000e\000d\000"\000\040\000ε\000κ\000τ\000ε\000λ\000έ\000σ\000ι\000μ\000ο\000\040\000.\000E\000L\000F\000\040\000α\000ρ\000χ\000έ\000ι\000ο}{subsection.3.3}
\BOOKMARK [3][-]{subsubsection.3.3.6}{\376\377\000\040\000Κ\000υ\000μ\000α\000τ\000ο\000μ\000ο\000ρ\000φ\000έ\000ς}{subsection.3.3}
\BOOKMARK [3][-]{subsubsection.3.3.7}{\376\377\000\040\000E\000π\000ι\000π\000ρ\000ό\000σ\000θ\000ε\000τ\000α\000\040\000ε\000π\000ι\000λ\000ο\000γ\000έ\000ς\000\040\000σ\000τ\000ι\000ς\000\040\000ε\000ν\000τ\000ο\000λ\000ε\000ς}{subsection.3.3}
